<?xml version="1.0" encoding="UTF-8"?>
<!-- Generated by org.testng.reporters.JUnitXMLReporter -->
<testsuite ignored="0" hostname="Tina_Bridjit" failures="0" tests="14" name="Tutorialsninja tests" time="70.094" errors="0" timestamp="2023-09-16T18:00:07 EDT">
  <testcase classname="com.tutorialsninja.qa.testcases.RegisterTest" name="VerifyRegisteringAnAccountWithMandatoryFields" time="1.328"/>
  <testcase classname="com.tutorialsninja.qa.testcases.RegisterTest" name="VerifyRegisteringAccountbyProvidingAllTheFields" time="1.243"/>
  <testcase classname="com.tutorialsninja.qa.testcases.RegisterTest" name="VerifyRegisteringAccountWithExistingEmailAddress" time="0.917"/>
  <testcase classname="com.tutorialsninja.qa.testcases.RegisterTest" name="VerifyRegisteringAnAccountWithoutFillingAnyDetails" time="0.547"/>
  <testcase classname="com.tutorialsninja.qa.testcases.LoginTest" name="VerifyLoginWithValidCredentials" time="0.963"/>
  <testcase classname="com.tutorialsninja.qa.testcases.LoginTest" name="VerifyLoginWithValidCredentials" time="0.972"/>
  <testcase classname="com.tutorialsninja.qa.testcases.LoginTest" name="VerifyLoginWithValidCredentials" time="0.909"/>
  <testcase classname="com.tutorialsninja.qa.testcases.LoginTest" name="VerifyLoginWithInvalidCredentials" time="0.708"/>
  <testcase classname="com.tutorialsninja.qa.testcases.LoginTest" name="verifyEmailwithInvalidEmailandValidPassword" time="0.662"/>
  <testcase classname="com.tutorialsninja.qa.testcases.LoginTest" name="verifyLoginwithValidEmailandInvalidPassword" time="0.647"/>
  <testcase classname="com.tutorialsninja.qa.testcases.LoginTest" name="verifyLoginWithoutProvidingCredentials" time="0.534"/>
  <testcase classname="com.tutorialsninja.qa.testcases.SearchTest" name="VerifySearchWithValidProduct" time="0.717"/>
  <testcase classname="com.tutorialsninja.qa.testcases.SearchTest" name="VerifySearchWithInvalidProduct" time="0.561"/>
  <testcase classname="com.tutorialsninja.qa.testcases.SearchTest" name="VerifySearchWithoutAnyProduct" time="0.477"/>
</testsuite> <!-- Tutorialsninja tests -->
