<?xml version="1.0" encoding="UTF-8"?>
<!-- Generated by org.testng.reporters.JUnitXMLReporter -->
<testsuite ignored="2" hostname="Tina_Bridjit" failures="0" tests="1" name="Default test" time="4.982" errors="0" timestamp="2023-09-16T16:41:59 EDT">
  <testcase classname="com.tutorialsninja.qa.testcases.Search" name="VerifySearchWithoutAnyProduct" time="0.434"/>
  <testcase classname="com.tutorialsninja.qa.testcases.Search" name="VerifySearchWithValidProduct" time="0.0">
    <ignored/>
  </testcase> <!-- VerifySearchWithValidProduct -->
  <testcase classname="com.tutorialsninja.qa.testcases.Search" name="VerifySearchWithInvalidProduct" time="0.0">
    <ignored/>
  </testcase> <!-- VerifySearchWithInvalidProduct -->
</testsuite> <!-- Default test -->
