<?xml version="1.0" encoding="UTF-8"?>
<!-- Generated by org.testng.reporters.JUnitXMLReporter -->
<testsuite ignored="0" hostname="Tina_Bridjit" failures="0" tests="14" name="Tutorialsninja tests" time="70.528" errors="0" timestamp="2023-09-16T18:15:59 EDT">
  <testcase classname="com.tutorialsninja.qa.testcases.RegisterTest" name="VerifyRegisteringAnAccountWithMandatoryFields" time="1.233"/>
  <testcase classname="com.tutorialsninja.qa.testcases.RegisterTest" name="VerifyRegisteringAccountbyProvidingAllTheFields" time="1.335"/>
  <testcase classname="com.tutorialsninja.qa.testcases.RegisterTest" name="VerifyRegisteringAccountWithExistingEmailAddress" time="0.89"/>
  <testcase classname="com.tutorialsninja.qa.testcases.RegisterTest" name="VerifyRegisteringAnAccountWithoutFillingAnyDetails" time="0.544"/>
  <testcase classname="com.tutorialsninja.qa.testcases.LoginTest" name="VerifyLoginWithValidCredentials" time="0.939"/>
  <testcase classname="com.tutorialsninja.qa.testcases.LoginTest" name="VerifyLoginWithValidCredentials" time="0.896"/>
  <testcase classname="com.tutorialsninja.qa.testcases.LoginTest" name="VerifyLoginWithValidCredentials" time="0.906"/>
  <testcase classname="com.tutorialsninja.qa.testcases.LoginTest" name="VerifyLoginWithInvalidCredentials" time="0.646"/>
  <testcase classname="com.tutorialsninja.qa.testcases.LoginTest" name="verifyEmailwithInvalidEmailandValidPassword" time="0.674"/>
  <testcase classname="com.tutorialsninja.qa.testcases.LoginTest" name="verifyLoginwithValidEmailandInvalidPassword" time="0.613"/>
  <testcase classname="com.tutorialsninja.qa.testcases.LoginTest" name="verifyLoginWithoutProvidingCredentials" time="0.452"/>
  <testcase classname="com.tutorialsninja.qa.testcases.SearchTest" name="VerifySearchWithValidProduct" time="0.73"/>
  <testcase classname="com.tutorialsninja.qa.testcases.SearchTest" name="VerifySearchWithInvalidProduct" time="0.482"/>
  <testcase classname="com.tutorialsninja.qa.testcases.SearchTest" name="VerifySearchWithoutAnyProduct" time="0.413"/>
</testsuite> <!-- Tutorialsninja tests -->
